[INFO] Scanning for projects...
[INFO] 
[INFO] Using the builder org.apache.maven.lifecycle.internal.builder.singlethreaded.SingleThreadedBuilder with a thread count of 1
[INFO]                                                                         
[INFO] ------------------------------------------------------------------------
[INFO] Building Concordant Insurance 1.0.0
[INFO] ------------------------------------------------------------------------
[INFO] 
[INFO] --- maven-clean-plugin:2.5:clean (default-clean) @ Concordant_Insurance ---
[INFO] Deleting C:\Users\dmadmin.NXL\Desktop\Concordant_Insurance\target
[INFO] 
[INFO] --- xcp-validate:1.0.12:run (xcp-validate) @ Concordant_Insurance ---
[INFO] 
[INFO] --- build-helper-maven-plugin:1.7:add-source (add-source) @ Concordant_Insurance ---
[INFO] Source directory: C:\Users\dmadmin.NXL\Desktop\Concordant_Insurance\gen\main\java added.
[INFO] 
[INFO] --- xcp-generate-sources:1.0.10:run (xcp-generate-sources) @ Concordant_Insurance ---
[INFO] Finished executing project generators in....0ms
[ERROR] Unexpected system error generating code for project 'Concordant_Insurance'
[INFO] ------------------------------------------------------------------------
[INFO] BUILD FAILURE
[INFO] ------------------------------------------------------------------------
[INFO] Total time: 8.034 s
[INFO] Finished at: 2018-09-11T10:54:51-08:00
[INFO] Final Memory: 17M/179M
[INFO] ------------------------------------------------------------------------
[ERROR] Failed to execute goal com.emc.xcp.builder:xcp-generate-sources:1.0.10:run (xcp-generate-sources) on project Concordant_Insurance: Xcp mojo executing command 'generate' for project 'Concordant_Insurance' failed unexpectedly: java.lang.IllegalArgumentException: project 'Concordant_Insurance' is not an IXCPProject
[ERROR] at com.emc.xcp.builder.codegen.CodegenUtils.executeArtifactGenerators(CodegenUtils.java:63)
[ERROR] at internal.com.emc.xcp.builder.codegen.maven.GenerateSourcesXCPCommand.execute(GenerateSourcesXCPCommand.java:41)
[ERROR] at internal.com.emc.xcp.builder.build.maven.MavenHookManager.execute(MavenHookManager.java:29)
[ERROR] at internal.com.emc.xcp.builder.build.maven.MavenHookServlet.doPost(MavenHookServlet.java:52)
[ERROR] at javax.servlet.http.HttpServlet.service(HttpServlet.java:755)
[ERROR] at javax.servlet.http.HttpServlet.service(HttpServlet.java:848)
[ERROR] at org.eclipse.equinox.http.registry.internal.ServletManager$ServletWrapper.service(ServletManager.java:180)
[ERROR] at org.eclipse.equinox.http.servlet.internal.ServletRegistration.service(ServletRegistration.java:61)
[ERROR] at org.eclipse.equinox.http.servlet.internal.ProxyServlet.processAlias(ProxyServlet.java:128)
[ERROR] at org.eclipse.equinox.http.servlet.internal.ProxyServlet.service(ProxyServlet.java:68)
[ERROR] at javax.servlet.http.HttpServlet.service(HttpServlet.java:848)
[ERROR] at org.eclipse.equinox.http.jetty.internal.HttpServerManager$InternalHttpServiceServlet.service(HttpServerManager.java:360)
[ERROR] at org.eclipse.jetty.servlet.ServletHolder.handle(ServletHolder.java:684)
[ERROR] at org.eclipse.jetty.servlet.ServletHandler.doHandle(ServletHandler.java:503)
[ERROR] at org.eclipse.jetty.server.session.SessionHandler.doHandle(SessionHandler.java:229)
[ERROR] at org.eclipse.jetty.server.handler.ContextHandler.doHandle(ContextHandler.java:1086)
[ERROR] at org.eclipse.jetty.servlet.ServletHandler.doScope(ServletHandler.java:429)
[ERROR] at org.eclipse.jetty.server.session.SessionHandler.doScope(SessionHandler.java:193)
[ERROR] at org.eclipse.jetty.server.handler.ContextHandler.doScope(ContextHandler.java:1020)
[ERROR] at org.eclipse.jetty.server.handler.ScopedHandler.handle(ScopedHandler.java:135)
[ERROR] at org.eclipse.jetty.server.handler.HandlerWrapper.handle(HandlerWrapper.java:116)
[ERROR] at org.eclipse.jetty.server.Server.handle(Server.java:366)
[ERROR] at org.eclipse.jetty.server.AbstractHttpConnection.handleRequest(AbstractHttpConnection.java:494)
[ERROR] at org.eclipse.jetty.server.AbstractHttpConnection.content(AbstractHttpConnection.java:982)
[ERROR] at org.eclipse.jetty.server.AbstractHttpConnection$RequestHandler.content(AbstractHttpConnection.java:1043)
[ERROR] at org.eclipse.jetty.http.HttpParser.parseNext(HttpParser.java:865)
[ERROR] at org.eclipse.jetty.http.HttpParser.parseAvailable(HttpParser.java:240)
[ERROR] at org.eclipse.jetty.server.AsyncHttpConnection.handle(AsyncHttpConnection.java:82)
[ERROR] at org.eclipse.jetty.io.nio.SelectChannelEndPoint.handle(SelectChannelEndPoint.java:696)
[ERROR] at org.eclipse.jetty.io.nio.SelectChannelEndPoint$1.run(SelectChannelEndPoint.java:53)
[ERROR] at org.eclipse.jetty.util.thread.QueuedThreadPool.runJob(QueuedThreadPool.java:608)
[ERROR] at org.eclipse.jetty.util.thread.QueuedThreadPool$3.run(QueuedThreadPool.java:543)
[ERROR] at java.lang.Thread.run(Thread.java:748)
[ERROR] -> [Help 1]
[ERROR] 
[ERROR] To see the full stack trace of the errors, re-run Maven with the -e switch.
[ERROR] Re-run Maven using the -X switch to enable full debug logging.
[ERROR] 
[ERROR] For more information about the errors and possible solutions, please read the following articles:
[ERROR] [Help 1] http://cwiki.apache.org/confluence/display/MAVEN/MojoExecutionException
