[INFO] Scanning for projects...
[INFO] 
[INFO] Using the builder org.apache.maven.lifecycle.internal.builder.singlethreaded.SingleThreadedBuilder with a thread count of 1
[INFO]                                                                         
[INFO] ------------------------------------------------------------------------
[INFO] Building Concordant Insurance 1.0.0
[INFO] ------------------------------------------------------------------------
[INFO] 
[INFO] --- maven-clean-plugin:2.5:clean (default-clean) @ Concordant_Insurance ---
[INFO] Deleting C:\Users\DevOps-05\Desktop\xCPDesigner\Concordant_Insurance\target
[INFO] 
[INFO] --- xcp-validate:1.0.12:run (xcp-validate) @ Concordant_Insurance ---
[INFO] Finished validating Artifact data models in project 'Concordant_Insurance' in....2792ms
[INFO] 
[INFO] --- build-helper-maven-plugin:1.7:add-source (add-source) @ Concordant_Insurance ---
[INFO] Source directory: C:\Users\DevOps-05\Desktop\xCPDesigner\Concordant_Insurance\gen\main\java added.
[INFO] 
[INFO] --- xcp-generate-sources:1.0.10:run (xcp-generate-sources) @ Concordant_Insurance ---
[INFO] Generating DML artifacts for Application Project, type=IXCPApplicationProject
[INFO] Finished executing project generators in....21ms
[INFO] Ignoring json for page : appmaster_defpage
[WARNING] Unmatched column for search queue_claims_workqueue-name::Task Name
[WARNING] Unmatched column for search queue_claims_workqueue-label::Sent Date
[INFO] Finished generating models.js in time  1164 ms
[INFO] Finished executing artifact generators in....7172ms
[INFO] Finished generating code for project 'Concordant_Insurance' in 7196ms
[INFO] 
[INFO] --- build-helper-maven-plugin:1.7:add-resource (add-resource) @ Concordant_Insurance ---
[INFO] 
[INFO] --- maven-resources-plugin:2.6:resources (default-resources) @ Concordant_Insurance ---
[INFO] Using 'UTF-8' encoding to copy filtered resources.
[INFO] Copying 9 resources
[INFO] Copying 52 resources
[INFO] 
[INFO] --- maven-compiler-plugin:2.3.2:compile (default-compile) @ Concordant_Insurance ---
[INFO] Nothing to compile - all classes are up to date
[INFO] 
[INFO] --- maven-resources-plugin:2.6:testResources (default-testResources) @ Concordant_Insurance ---
[INFO] Using 'UTF-8' encoding to copy filtered resources.
[INFO] skip non existing resourceDirectory C:\Users\DevOps-05\Desktop\xCPDesigner\Concordant_Insurance\src\test\resources
[INFO] 
[INFO] --- maven-compiler-plugin:2.3.2:testCompile (default-testCompile) @ Concordant_Insurance ---
[INFO] Not compiling test sources
[INFO] 
[INFO] --- maven-surefire-plugin:2.12.4:test (default-test) @ Concordant_Insurance ---
[INFO] No tests to run.
[INFO] 
[INFO] --- xcp-dar:1.0.12:run (xcp-dar) @ Concordant_Insurance ---
[INFO] 
[INFO] Started packaging artifact bundle jar for application project '[XCPProject: Concordant_Insurance]'
[INFO] Finished packaging artifact bundle jar for application project '[XCPProject: Concordant_Insurance]' in 870 ms
[INFO] 
[INFO] 
[INFO] Started packaging local library dependencies for application project '[XCPProject: Concordant_Insurance]'
[INFO] Packaged local library dependencies for project 'Concordant_Insurance' in 12ms
[INFO] 
[INFO] --- maven-war-plugin:2.3:war (default-war) @ Concordant_Insurance ---
[INFO] Packaging webapp
[INFO] Assembling webapp [Concordant_Insurance] in [C:\Users\DevOps-05\Desktop\xCPDesigner\Concordant_Insurance\target\cia-Concordant_Insurance-1.0.0]
[INFO] Processing war project
[INFO] Copying webapp webResources [C:\Users\DevOps-05\Desktop\xCPDesigner\Concordant_Insurance\Artifacts] to [C:\Users\DevOps-05\Desktop\xCPDesigner\Concordant_Insurance\target\cia-Concordant_Insurance-1.0.0]
[INFO] Copying webapp webResources [C:\Users\DevOps-05\Desktop\xCPDesigner\Concordant_Insurance\lib] to [C:\Users\DevOps-05\Desktop\xCPDesigner\Concordant_Insurance\target\cia-Concordant_Insurance-1.0.0]
[INFO] Copying webapp webResources [C:\Users\DevOps-05\Desktop\xCPDesigner\Concordant_Insurance\gen/main/webapp] to [C:\Users\DevOps-05\Desktop\xCPDesigner\Concordant_Insurance\target\cia-Concordant_Insurance-1.0.0]
[INFO] Copying webapp resources [C:\Users\DevOps-05\Desktop\xCPDesigner\Concordant_Insurance\src\main\webapp]
[INFO] Webapp assembled in [7739 msecs]
[INFO] Building war: C:\Users\DevOps-05\Desktop\xCPDesigner\Concordant_Insurance\target\cia-Concordant_Insurance-1.0.0.war
[INFO] 
[INFO] --- maven-install-plugin:2.4:install (default-install) @ Concordant_Insurance ---
[INFO] Installing C:\Users\DevOps-05\Desktop\xCPDesigner\Concordant_Insurance\target\cia-Concordant_Insurance-1.0.0.war to C:\Users\DevOps-05\.m2\repository\cia\Concordant_Insurance\1.0.0\Concordant_Insurance-1.0.0.war
[INFO] Installing C:\Users\DevOps-05\Desktop\xCPDesigner\Concordant_Insurance\pom.xml to C:\Users\DevOps-05\.m2\repository\cia\Concordant_Insurance\1.0.0\Concordant_Insurance-1.0.0.pom
[INFO] 
[INFO] --- maven-deploy-plugin:2.5:deploy (default-deploy) @ Concordant_Insurance ---
[INFO] Skipping artifact deployment
[INFO] 
[INFO] --- xcp-deploy:1.0.14:run (xcp-deploy) @ Concordant_Insurance ---
[INFO] Setting xda server protocol to HTTP
[INFO] Setting xda server host to 192.168.1.24
[INFO] Setting xda server port to 7000
[INFO] Setting xda server username to admin
[INFO] Setting xda server password to a non-null value
[INFO] Refreshing org.springframework.context.support.ClassPathXmlApplicationContext@791dd7c3: startup date [Tue Sep 25 11:41:42 PKT 2018]; root of context hierarchy
[INFO] Loading XML bean definitions from URL [bundleresource://239.fwk1955406455/com/documentum/xms/api/client/xms-client-api-context.xml]
[INFO] JSR-330 'javax.inject.Inject' annotation found and supported for autowiring
[INFO] Creating JAXBContext with classes to be bound [class com.emc.xms.resources.dto.Modules,class com.documentum.xms.api.ExecutionCommandInfo,class com.emc.xms.execution.ExecutionExceptionDTO,class com.emc.xms.resources.core.Resource,class com.emc.xms.resources.core.ObjectReference,class com.emc.xms.resources.catalog.SystemAccount,class com.emc.xms.resources.catalog.SystemAccountType,class com.emc.xms.resources.catalog.ApplicationCategory,class com.emc.xms.resources.catalog.Dependency,class com.emc.xms.resources.catalog.Endpoint,class com.emc.xms.resources.catalog.EndpointType,class com.emc.xms.resources.catalog.ModuleFamily,class com.emc.xms.resources.catalog.ModuleTemplate,class com.emc.xms.resources.catalog.Service,class com.emc.xms.resources.catalog.ServiceComponentProvider,class com.emc.xms.resources.catalog.ServiceComponentType,class com.emc.xms.resources.catalog.ServiceProvider,class com.emc.xms.resources.catalog.ServiceType,class com.emc.xms.resources.catalog.VMCluster]
[INFO] Initializing xCP Deployment Agent application
[INFO] Initializing xCP Deployment Agent application
[INFO] Invoked xda client to deploy app
